<?xml version="1.0" encoding="UTF-8"?>
<!-- Generated by org.testng.reporters.JUnitXMLReporter -->
<testsuite hostname="LAPTOP-UFQCNOCD" ignored="0" name="Test" tests="3" failures="0" timestamp="06 Apr 2019 07:35:05 GMT" time="140.837" errors="0">
  <testcase name="getAllPropertiesPriceReverseTest" time="0.661" classname="com.zoopla.tests.ForSalePageTest"/>
  <testcase name="getAgentdetailsTest" time="0.14" classname="com.zoopla.tests.PropertyDtilPageTest"/>
  <testcase name="verifyAgentNameTest" time="4.114" classname="com.zoopla.tests.AgentPageTest"/>
</testsuite> <!-- Test -->
