<?xml version="1.0" encoding="UTF-8"?>
<testng-results skipped="0" failed="0" ignored="0" total="1" passed="1">
  <reporter-output>
  </reporter-output>
  <suite name="Default suite" duration-ms="204747" started-at="2019-04-06T07:39:45Z" finished-at="2019-04-06T07:43:10Z">
    <groups>
    </groups>
    <test name="Default test" duration-ms="204747" started-at="2019-04-06T07:39:45Z" finished-at="2019-04-06T07:43:10Z">
      <class name="com.zoopla.tests.PropertyDtilPageTest">
        <test-method status="PASS" signature="setupPropertyPage()[pri:0, instance:com.zoopla.tests.PropertyDtilPageTest@4d5d943d]" name="setupPropertyPage" is-config="true" duration-ms="46132" started-at="2019-04-06T07:39:45Z" finished-at="2019-04-06T07:40:31Z">
          <reporter-output>
          </reporter-output>
        </test-method> <!-- setupPropertyPage -->
        <test-method status="PASS" signature="getAgentdetailsTest()[pri:0, instance:com.zoopla.tests.PropertyDtilPageTest@4d5d943d]" name="getAgentdetailsTest" duration-ms="157803" started-at="2019-04-06T07:40:31Z" finished-at="2019-04-06T07:43:09Z">
          <reporter-output>
          </reporter-output>
        </test-method> <!-- getAgentdetailsTest -->
        <test-method status="PASS" signature="teardown()[pri:0, instance:com.zoopla.tests.PropertyDtilPageTest@4d5d943d]" name="teardown" is-config="true" duration-ms="750" started-at="2019-04-06T07:43:09Z" finished-at="2019-04-06T07:43:10Z">
          <reporter-output>
          </reporter-output>
        </test-method> <!-- teardown -->
      </class> <!-- com.zoopla.tests.PropertyDtilPageTest -->
    </test> <!-- Default test -->
  </suite> <!-- Default suite -->
</testng-results>
